# JRE version: Java(TM) SE Runtime Environment (8.0_172-b11) (build 1.8.0_172-b11)
# Java VM: Java HotSpot(TM) 64-Bit Server VM (25.172-b11 mixed mode windows-amd64 compressed oops)
Heap:
 PSYoungGen      total 362496K, used 34201K [0x000000076b600000, 0x0000000784000000, 0x00000007c0000000)
  eden space 340992K, 3% used [0x000000076b600000,0x000000076c2cc090,0x0000000780300000)
  from space 21504K, 98% used [0x0000000780f00000,0x000000078239a610,0x0000000782400000)
  to   space 28672K, 0% used [0x0000000782400000,0x0000000782400000,0x0000000784000000)
 ParOldGen       total 269824K, used 47939K [0x00000006c2200000, 0x00000006d2980000, 0x000000076b600000)
  object space 269824K, 17% used [0x00000006c2200000,0x00000006c50d0ef8,0x00000006d2980000)
 Metaspace       used 82692K, capacity 87067K, committed 87192K, reserved 1124352K
  class space    used 10701K, capacity 11425K, committed 11440K, reserved 1048576K
GC Heap History (10 events):
Event: 9.194 GC heap before
{Heap before GC invocations=16 (full 2):
 PSYoungGen      total 279552K, used 218316K [0x000000076b600000, 0x0000000781580000, 0x00000007c0000000)
  eden space 257024K, 76% used [0x000000076b600000,0x0000000777536830,0x000000077b100000)
  from space 22528K, 99% used [0x000000077b100000,0x000000077c6fc858,0x000000077c700000)
  to   space 25600K, 0% used [0x000000077fc80000,0x000000077fc80000,0x0000000781580000)
 ParOldGen       total 184320K, used 23860K [0x00000006c2200000, 0x00000006cd600000, 0x000000076b600000)
  object space 184320K, 12% used [0x00000006c2200000,0x00000006c394d080,0x00000006cd600000)
 Metaspace       used 56841K, capacity 59010K, committed 59160K, reserved 1099776K
  class space    used 7438K, capacity 7871K, committed 7984K, reserved 1048576K
Event: 9.206 GC heap after
Heap after GC invocations=16 (full 2):
 PSYoungGen      total 329728K, used 25595K [0x000000076b600000, 0x0000000782000000, 0x00000007c0000000)
  eden space 304128K, 0% used [0x000000076b600000,0x000000076b600000,0x000000077df00000)
  from space 25600K, 99% used [0x000000077fc80000,0x000000078157eec0,0x0000000781580000)
  to   space 30208K, 0% used [0x000000077df00000,0x000000077df00000,0x000000077fc80000)
 ParOldGen       total 184320K, used 27022K [0x00000006c2200000, 0x00000006cd600000, 0x000000076b600000)
  object space 184320K, 14% used [0x00000006c2200000,0x00000006c3c63b58,0x00000006cd600000)
 Metaspace       used 56841K, capacity 59010K, committed 59160K, reserved 1099776K
  class space    used 7438K, capacity 7871K, committed 7984K, reserved 1048576K
}
Event: 9.206 GC heap before
{Heap before GC invocations=17 (full 3):
 PSYoungGen      total 329728K, used 25595K [0x000000076b600000, 0x0000000782000000, 0x00000007c0000000)
  eden space 304128K, 0% used [0x000000076b600000,0x000000076b600000,0x000000077df00000)
  from space 25600K, 99% used [0x000000077fc80000,0x000000078157eec0,0x0000000781580000)
  to   space 30208K, 0% used [0x000000077df00000,0x000000077df00000,0x000000077fc80000)
 ParOldGen       total 184320K, used 27022K [0x00000006c2200000, 0x00000006cd600000, 0x000000076b600000)
  object space 184320K, 14% used [0x00000006c2200000,0x00000006c3c63b58,0x00000006cd600000)
 Metaspace       used 56841K, capacity 59010K, committed 59160K, reserved 1099776K
  class space    used 7438K, capacity 7871K, committed 7984K, reserved 1048576K
Event: 9.330 GC heap after
Heap after GC invocations=17 (full 3):
 PSYoungGen      total 329728K, used 0K [0x000000076b600000, 0x0000000782000000, 0x00000007c0000000)
  eden space 304128K, 0% used [0x000000076b600000,0x000000076b600000,0x000000077df00000)
  from space 25600K, 0% used [0x000000077fc80000,0x000000077fc80000,0x0000000781580000)
  to   space 30208K, 0% used [0x000000077df00000,0x000000077df00000,0x000000077fc80000)
 ParOldGen       total 269824K, used 47896K [0x00000006c2200000, 0x00000006d2980000, 0x000000076b600000)
  object space 269824K, 17% used [0x00000006c2200000,0x00000006c50c62a8,0x00000006d2980000)
 Metaspace       used 56841K, capacity 59010K, committed 59160K, reserved 1099776K
  class space    used 7438K, capacity 7871K, committed 7984K, reserved 1048576K
}
Event: 10.844 GC heap before
{Heap before GC invocations=18 (full 3):
 PSYoungGen      total 329728K, used 304128K [0x000000076b600000, 0x0000000782000000, 0x00000007c0000000)
  eden space 304128K, 100% used [0x000000076b600000,0x000000077df00000,0x000000077df00000)
  from space 25600K, 0% used [0x000000077fc80000,0x000000077fc80000,0x0000000781580000)
  to   space 30208K, 0% used [0x000000077df00000,0x000000077df00000,0x000000077fc80000)
 ParOldGen       total 269824K, used 47896K [0x00000006c2200000, 0x00000006d2980000, 0x000000076b600000)
  object space 269824K, 17% used [0x00000006c2200000,0x00000006c50c62a8,0x00000006d2980000)
 Metaspace       used 64173K, capacity 66844K, committed 66968K, reserved 1107968K
  class space    used 8288K, capacity 8770K, committed 8880K, reserved 1048576K
Event: 10.853 GC heap after
Heap after GC invocations=18 (full 3):
 PSYoungGen      total 334336K, used 14377K [0x000000076b600000, 0x0000000784f80000, 0x00000007c0000000)
  eden space 304128K, 0% used [0x000000076b600000,0x000000076b600000,0x000000077df00000)
  from space 30208K, 47% used [0x000000077df00000,0x000000077ed0a598,0x000000077fc80000)
  to   space 28672K, 0% used [0x0000000783380000,0x0000000783380000,0x0000000784f80000)
 ParOldGen       total 269824K, used 47904K [0x00000006c2200000, 0x00000006d2980000, 0x000000076b600000)
  object space 269824K, 17% used [0x00000006c2200000,0x00000006c50c82a8,0x00000006d2980000)
 Metaspace       used 64173K, capacity 66844K, committed 66968K, reserved 1107968K
  class space    used 8288K, capacity 8770K, committed 8880K, reserved 1048576K
}
Event: 93.675 GC heap before
{Heap before GC invocations=19 (full 3):
 PSYoungGen      total 334336K, used 318505K [0x000000076b600000, 0x0000000784f80000, 0x00000007c0000000)
  eden space 304128K, 100% used [0x000000076b600000,0x000000077df00000,0x000000077df00000)
  from space 30208K, 47% used [0x000000077df00000,0x000000077ed0a598,0x000000077fc80000)
  to   space 28672K, 0% used [0x0000000783380000,0x0000000783380000,0x0000000784f80000)
 ParOldGen       total 269824K, used 47904K [0x00000006c2200000, 0x00000006d2980000, 0x000000076b600000)
  object space 269824K, 17% used [0x00000006c2200000,0x00000006c50c82a8,0x00000006d2980000)
 Metaspace       used 77827K, capacity 81445K, committed 81688K, reserved 1120256K
  class space    used 10081K, capacity 10714K, committed 10800K, reserved 1048576K
Event: 93.687 GC heap after
Heap after GC invocations=19 (full 3):
 PSYoungGen      total 375808K, used 23759K [0x000000076b600000, 0x0000000784b00000, 0x00000007c0000000)
  eden space 351744K, 0% used [0x000000076b600000,0x000000076b600000,0x0000000780d80000)
  from space 24064K, 98% used [0x0000000783380000,0x0000000784ab3ea0,0x0000000784b00000)
  to   space 30720K, 0% used [0x0000000780f00000,0x0000000780f00000,0x0000000782d00000)
 ParOldGen       total 269824K, used 47931K [0x00000006c2200000, 0x00000006d2980000, 0x000000076b600000)
  object space 269824K, 17% used [0x00000006c2200000,0x00000006c50ceef8,0x00000006d2980000)
 Metaspace       used 77827K, capacity 81445K, committed 81688K, reserved 1120256K
  class space    used 10081K, capacity 10714K, committed 10800K, reserved 1048576K
}
Event: 468.794 GC heap before
{Heap before GC invocations=20 (full 3):
 PSYoungGen      total 375808K, used 375503K [0x000000076b600000, 0x0000000784b00000, 0x00000007c0000000)
  eden space 351744K, 100% used [0x000000076b600000,0x0000000780d80000,0x0000000780d80000)
  from space 24064K, 98% used [0x0000000783380000,0x0000000784ab3ea0,0x0000000784b00000)
  to   space 30720K, 0% used [0x0000000780f00000,0x0000000780f00000,0x0000000782d00000)
 ParOldGen       total 269824K, used 47931K [0x00000006c2200000, 0x00000006d2980000, 0x000000076b600000)
  object space 269824K, 17% used [0x00000006c2200000,0x00000006c50ceef8,0x00000006d2980000)
 Metaspace       used 82691K, capacity 87067K, committed 87192K, reserved 1124352K
  class space    used 10701K, capacity 11425K, committed 11440K, reserved 1048576K
Event: 468.806 GC heap after
Heap after GC invocations=20 (full 3):
 PSYoungGen      total 362496K, used 21097K [0x000000076b600000, 0x0000000784000000, 0x00000007c0000000)
  eden space 340992K, 0% used [0x000000076b600000,0x000000076b600000,0x0000000780300000)
  from space 21504K, 98% used [0x0000000780f00000,0x000000078239a610,0x0000000782400000)
  to   space 28672K, 0% used [0x0000000782400000,0x0000000782400000,0x0000000784000000)
 ParOldGen       total 269824K, used 47939K [0x00000006c2200000, 0x00000006d2980000, 0x000000076b600000)
  object space 269824K, 17% used [0x00000006c2200000,0x00000006c50d0ef8,0x00000006d2980000)
 Metaspace       used 82691K, capacity 87067K, committed 87192K, reserved 1124352K
  class space    used 10701K, capacity 11425K, committed 11440K, reserved 1048576K
}

